#
# There is insufficient memory for the Java Runtime Environment to continue.
# Native memory allocation (malloc) failed to allocate 1048576 bytes for AllocateHeap
# Possible reasons:
#   The system is out of physical RAM or swap space
#   In 32 bit mode, the process size limit was hit
# Possible solutions:
#   Reduce memory load on the system
#   Increase physical memory or swap space
#   Check if swap backing store is full
#   Use 64 bit Java on a 64 bit OS
#   Decrease Java heap size (-Xmx/-Xms)
#   Decrease number of Java threads
#   Decrease Java thread stack sizes (-Xss)
#   Set larger code cache with -XX:ReservedCodeCacheSize=
# This output file may be truncated or incomplete.
#
#  Out of Memory Error (memory/allocation.inline.hpp:61), pid=4152, tid=0x0000000000000f24
#
# JRE version:  (8.0_101-b13) (build )
# Java VM: Java HotSpot(TM) 64-Bit Server VM (25.101-b13 mixed mode windows-amd64 compressed oops)
# Failed to write core dump. Minidumps are not enabled by default on client versions of Windows
#

---------------  T H R E A D  ---------------

Current thread (0x00000000025c0800):  JavaThread "Unknown thread" [_thread_in_vm, id=3876, stack(0x00000000024c0000,0x00000000025c0000)]

Stack: [0x00000000024c0000,0x00000000025c0000]
[error occurred during error reporting (printing stack bounds), id 0xc0000005]

Native frames: (J=compiled Java code, j=interpreted, Vv=VM code, C=native code)


---------------  P R O C E S S  ---------------

Java Threads: ( => current thread )

Other Threads:

=>0x00000000025c0800 (exited) JavaThread "Unknown thread" [_thread_in_vm, id=3876, stack(0x00000000024c0000,0x00000000025c0000)]

VM state:not at safepoint (normal execution)

VM Mutex/Monitor currently owned by a thread: None

Heap:
 PSYoungGen      total 75776K, used 1300K [0x000000076b900000, 0x0000000770d80000, 0x00000007c0000000)
  eden space 65024K, 2% used [0x000000076b900000,0x000000076ba451f8,0x000000076f880000)
  from space 10752K, 0% used [0x0000000770300000,0x0000000770300000,0x0000000770d80000)
  to   space 10752K, 0% used [0x000000076f880000,0x000000076f880000,0x0000000770300000)
 ParOldGen       total 173568K, used 0K [0x00000006c2a00000, 0x00000006cd380000, 0x000000076b900000)
  object space 173568K, 0% used [0x00000006c2a00000,0x00000006c2a00000,0x00000006cd380000)
 Metaspace       used 746K, capacity 4480K, committed 4480K, reserved 1056768K
  class space    used 75K, capacity 384K, committed 384K, reserved 1048576K

Card table byte_map: [0x0000000011a80000,0x0000000012270000] byte_map_base: 0x000000000e46b000

Marking Bits: (ParMarkBitMap*) 0x000000005d10a6d0
 Begin Bits: [0x0000000012fc0000, 0x0000000016f18000)
 End Bits:   [0x0000000016f18000, 0x000000001ae70000)

Polling page: 0x0000000000820000

CodeCache: size=245760Kb used=328Kb max_used=328Kb free=245431Kb
 bounds [0x00000000026c0000, 0x0000000002930000, 0x00000000116c0000]
 total_blobs=58 nmethods=0 adapters=38
 compilation: enabled

Compilation events (0 events):
No events

GC Heap History (0 events):
No events

Deoptimization events (0 events):
No events

Internal exceptions (0 events):
No events

Events (10 events):
Event: 0.021 loading class java/lang/Short
Event: 0.021 loading class java/lang/Short done
Event: 0.021 loading class java/lang/Integer
Event: 0.021 loading class java/lang/Integer done
Event: 0.021 loading class java/lang/Long
Event: 0.021 loading class java/lang/Long done
Event: 0.022 loading class java/lang/NullPointerException
Event: 0.022 loading class java/lang/NullPointerException done
Event: 0.022 loading class java/lang/ArithmeticException
Event: 0.022 loading class java/lang/ArithmeticException done


Dynamic libraries:
0x00007ff7b6400000 - 0x00007ff7b6437000 	C:\Program Files\Java\jre1.8.0_101\bin\javaw.exe
0x00007ff8f7780000 - 0x00007ff8f7951000 	C:\WINDOWS\SYSTEM32\ntdll.dll
0x00007ff8f53f0000 - 0x00007ff8f549b000 	C:\WINDOWS\System32\KERNEL32.DLL
0x00007ff8f4140000 - 0x00007ff8f435d000 	C:\WINDOWS\System32\KERNELBASE.dll
0x00007ff8f4d10000 - 0x00007ff8f4db2000 	C:\WINDOWS\System32\ADVAPI32.dll
0x00007ff8f7200000 - 0x00007ff8f729e000 	C:\WINDOWS\System32\msvcrt.dll
0x00007ff8f52a0000 - 0x00007ff8f52f9000 	C:\WINDOWS\System32\sechost.dll
0x00007ff8f7650000 - 0x00007ff8f7771000 	C:\WINDOWS\System32\RPCRT4.dll
0x00007ff8f74e0000 - 0x00007ff8f7645000 	C:\WINDOWS\System32\USER32.dll
0x00007ff8f4120000 - 0x00007ff8f413e000 	C:\WINDOWS\System32\win32u.dll
0x00007ff8f5600000 - 0x00007ff8f5634000 	C:\WINDOWS\System32\GDI32.dll
0x00007ff8f3ee0000 - 0x00007ff8f4062000 	C:\WINDOWS\System32\gdi32full.dll
0x00007ff8ebef0000 - 0x00007ff8ec16a000 	C:\WINDOWS\WinSxS\amd64_microsoft.windows.common-controls_6595b64144ccf1df_6.0.14393.351_none_4213128bc687e6d3\COMCTL32.dll
0x00007ff8f4fc0000 - 0x00007ff8f5287000 	C:\WINDOWS\System32\combase.dll
0x00007ff8f4c10000 - 0x00007ff8f4d05000 	C:\WINDOWS\System32\ucrtbase.dll
0x00007ff8f3d80000 - 0x00007ff8f3dea000 	C:\WINDOWS\System32\bcryptPrimitives.dll
0x00007ff8f53c0000 - 0x00007ff8f53ee000 	C:\WINDOWS\System32\IMM32.DLL
0x000000005c660000 - 0x000000005c732000 	C:\Program Files\Java\jre1.8.0_101\bin\msvcr100.dll
0x000000005c8f0000 - 0x000000005d18a000 	C:\Program Files\Java\jre1.8.0_101\bin\server\jvm.dll
0x00007ff8f5290000 - 0x00007ff8f5298000 	C:\WINDOWS\System32\PSAPI.DLL
0x00007ff8dd650000 - 0x00007ff8dd659000 	C:\WINDOWS\SYSTEM32\WSOCK32.dll
0x00007ff8ed870000 - 0x00007ff8ed87a000 	C:\WINDOWS\SYSTEM32\VERSION.dll
0x00007ff8f1a90000 - 0x00007ff8f1ab3000 	C:\WINDOWS\SYSTEM32\WINMM.dll
0x00007ff8f4e20000 - 0x00007ff8f4e8a000 	C:\WINDOWS\System32\WS2_32.dll
0x0000000000ca0000 - 0x0000000000ccb000 	C:\WINDOWS\SYSTEM32\WINMMBASE.dll
0x00007ff8f3df0000 - 0x00007ff8f3e32000 	C:\WINDOWS\System32\cfgmgr32.dll
0x000000005c800000 - 0x000000005c80f000 	C:\Program Files\Java\jre1.8.0_101\bin\verify.dll
0x000000005c7d0000 - 0x000000005c7f9000 	C:\Program Files\Java\jre1.8.0_101\bin\java.dll
0x000000005c7b0000 - 0x000000005c7c6000 	C:\Program Files\Java\jre1.8.0_101\bin\zip.dll

VM Arguments:
jvm_args: -Dfile.encoding=Cp1252 
java_command: BOGOFF
java_class_path (initial): C:\Users\matas\workspace\Project1\bin;C:\Users\matas\workspace\shapes
Launcher Type: SUN_STANDARD

Environment Variables:
PATH=C:/Program Files/Java/jre1.8.0_101/bin/server;C:/Program Files/Java/jre1.8.0_101/bin;C:/Program Files/Java/jre1.8.0_101/lib/amd64;C:\ProgramData\Oracle\Java\javapath;C:\Program Files (x86)\Intel\iCLS Client\;C:\Program Files\Intel\iCLS Client\;C:\Windows\system32;C:\Windows;C:\Windows\System32\Wbem;C:\Windows\System32\WindowsPowerShell\v1.0\;C:\Program Files (x86)\NVIDIA Corporation\PhysX\Common;C:\Program Files (x86)\Intel\Intel(R) Management Engine Components\DAL;C:\Program Files\Intel\Intel(R) Management Engine Components\DAL;C:\Program Files (x86)\Intel\Intel(R) Management Engine Components\IPT;C:\Program Files\Intel\Intel(R) Management Engine Components\IPT;C:\Program Files\Intel\WiFi\bin\;C:\Program Files\Common Files\Intel\WirelessCommon\;C:\Program Files (x86)\Skype\Phone\;C:\Program Files\Calibre2\;C:\WINDOWS\system32;C:\WINDOWS;C:\WINDOWS\System32\Wbem;C:\WINDOWS\System32\WindowsPowerShell\v1.0\;C:\Program Files (x86)\GNU\GnuPG\pub;C:\Users\matas\AppData\Local\Microsoft\WindowsApps;;C:\WINDOWS\system32;
USERNAME=matas
OS=Windows_NT
PROCESSOR_IDENTIFIER=Intel64 Family 6 Model 94 Stepping 3, GenuineIntel



---------------  S Y S T E M  ---------------

OS: Windows 10.0 , 64 bit Build 14393 (10.0.14393.0)

CPU:total 8 (4 cores per cpu, 2 threads per core) family 6 model 94 stepping 3, cmov, cx8, fxsr, mmx, sse, sse2, sse3, ssse3, sse4.1, sse4.2, popcnt, avx, avx2, aes, clmul, erms, rtm, 3dnowpref, lzcnt, ht, tsc, tscinvbit, bmi1, bmi2, adx

Memory: 4k page, physical 16600864k(9181604k free), swap 21863960k(5252k free)

vm_info: Java HotSpot(TM) 64-Bit Server VM (25.101-b13) for windows-amd64 JRE (1.8.0_101-b13), built on Jun 22 2016 01:21:29 by "java_re" with MS VC++ 10.0 (VS2010)

time: Sat Nov 05 14:59:21 2016
elapsed time: 0 seconds (0d 0h 0m 0s)

